0 info it worked if it ends with ok
1 verbose cli [ '/Users/danielbucket/.nvm/versions/node/v6.9.3/bin/node',
1 verbose cli   '/Users/danielbucket/.nvm/versions/node/v6.9.3/bin/npm',
1 verbose cli   'completion',
1 verbose cli   '--' ]
2 info using npm@4.0.5
3 info using node@v6.9.3
4 verbose config Skipping project config: /Users/danielbucket/.npmrc. (matches userconfig)
5 verbose stack TypeError: Cannot read property 'length' of undefined
5 verbose stack     at EventEmitter.completion (/Users/danielbucket/.nvm/versions/node/v6.9.3/lib/node_modules/npm/lib/completion.js:80:22)
5 verbose stack     at Object.commandCache.(anonymous function) (/Users/danielbucket/.nvm/versions/node/v6.9.3/lib/node_modules/npm/lib/npm.js:127:13)
5 verbose stack     at EventEmitter.<anonymous> (/Users/danielbucket/.nvm/versions/node/v6.9.3/lib/node_modules/npm/bin/npm-cli.js:77:30)
5 verbose stack     at _combinedTickCallback (internal/process/next_tick.js:67:7)
5 verbose stack     at process._tickCallback (internal/process/next_tick.js:98:9)
6 verbose cwd /Users/danielbucket/Turing_Files/Mod1/2DoBox.1
7 error Darwin 16.4.0
8 error argv "/Users/danielbucket/.nvm/versions/node/v6.9.3/bin/node" "/Users/danielbucket/.nvm/versions/node/v6.9.3/bin/npm" "completion" "--"
9 error node v6.9.3
10 error npm  v4.0.5
11 error Cannot read property 'length' of undefined
12 error If you need help, you may report this error at:
12 error     <https://github.com/npm/npm/issues>
13 verbose exit [ 1, true ]
